# JRE version: 7.0_07-b10
# Java VM: Java HotSpot(TM) Client VM (23.3-b01 mixed mode linux-x86 )
Heap
 def new generation   total 49024K, used 8790K [0x54980000, 0x57eb0000, 0x69ed0000)
  eden space 43584K,  20% used [0x54980000, 0x55215a50, 0x57410000)
  from space 5440K,   0% used [0x57410000, 0x57410000, 0x57960000)
  to   space 5440K,   0% used [0x57960000, 0x57960000, 0x57eb0000)
 tenured generation   total 108832K, used 51255K [0x69ed0000, 0x70918000, 0x94980000)
   the space 108832K,  47% used [0x69ed0000, 0x6d0ddca0, 0x6d0dde00, 0x70918000)
 compacting perm gen  total 83456K, used 83206K [0x94980000, 0x99b00000, 0xb4980000)
   the space 83456K,  99% used [0x94980000, 0x99ac1ad8, 0x99ac1c00, 0x99b00000)
GC Heap History (10 events):
Event: 881.255 GC heap before
{Heap before GC invocations=47 (full 28):
 def new generation   total 49088K, used 39836K [0x54980000, 0x57ec0000, 0x69ed0000)
  eden space 43648K,  91% used [0x54980000, 0x57067068, 0x57420000)
  from space 5440K,   0% used [0x57420000, 0x57420000, 0x57970000)
  to   space 5440K,   0% used [0x57970000, 0x57970000, 0x57ec0000)
 tenured generation   total 108832K, used 48858K [0x69ed0000, 0x70918000, 0x94980000)
   the space 108832K,  44% used [0x69ed0000, 0x6ce86b60, 0x6ce86c00, 0x70918000)
 compacting perm gen  total 82432K, used 82304K [0x94980000, 0x99a00000, 0xb4980000)
   the space 82432K,  99% used [0x94980000, 0x999e0148, 0x999e0200, 0x99a00000)
No shared spaces configured.
Event: 881.580 GC heap after
Heap after GC invocations=48 (full 29):
 def new generation   total 49024K, used 0K [0x54980000, 0x57eb0000, 0x69ed0000)
  eden space 43584K,   0% used [0x54980000, 0x54980000, 0x57410000)
  from space 5440K,   0% used [0x57410000, 0x57410000, 0x57960000)
  to   space 5440K,   0% used [0x57960000, 0x57960000, 0x57eb0000)
 tenured generation   total 108832K, used 53993K [0x69ed0000, 0x70918000, 0x94980000)
   the space 108832K,  49% used [0x69ed0000, 0x6d38a638, 0x6d38a800, 0x70918000)
 compacting perm gen  total 82432K, used 82304K [0x94980000, 0x99a00000, 0xb4980000)
   the space 82432K,  99% used [0x94980000, 0x999e0148, 0x999e0200, 0x99a00000)
No shared spaces configured.
}
Event: 941.582 GC heap before
{Heap before GC invocations=48 (full 29):
 def new generation   total 49024K, used 1105K [0x54980000, 0x57eb0000, 0x69ed0000)
  eden space 43584K,   2% used [0x54980000, 0x54a94690, 0x57410000)
  from space 5440K,   0% used [0x57410000, 0x57410000, 0x57960000)
  to   space 5440K,   0% used [0x57960000, 0x57960000, 0x57eb0000)
 tenured generation   total 108832K, used 53993K [0x69ed0000, 0x70918000, 0x94980000)
   the space 108832K,  49% used [0x69ed0000, 0x6d38a638, 0x6d38a800, 0x70918000)
 compacting perm gen  total 82432K, used 82304K [0x94980000, 0x99a00000, 0xb4980000)
   the space 82432K,  99% used [0x94980000, 0x999e0148, 0x999e0200, 0x99a00000)
No shared spaces configured.
Event: 941.873 GC heap after
Heap after GC invocations=49 (full 30):
 def new generation   total 49024K, used 0K [0x54980000, 0x57eb0000, 0x69ed0000)
  eden space 43584K,   0% used [0x54980000, 0x54980000, 0x57410000)
  from space 5440K,   0% used [0x57410000, 0x57410000, 0x57960000)
  to   space 5440K,   0% used [0x57960000, 0x57960000, 0x57eb0000)
 tenured generation   total 108832K, used 53995K [0x69ed0000, 0x70918000, 0x94980000)
   the space 108832K,  49% used [0x69ed0000, 0x6d38ae40, 0x6d38b000, 0x70918000)
 compacting perm gen  total 82432K, used 82304K [0x94980000, 0x99a00000, 0xb4980000)
   the space 82432K,  99% used [0x94980000, 0x999e0148, 0x999e0200, 0x99a00000)
No shared spaces configured.
}
Event: 1001.876 GC heap before
{Heap before GC invocations=49 (full 30):
 def new generation   total 49024K, used 995K [0x54980000, 0x57eb0000, 0x69ed0000)
  eden space 43584K,   2% used [0x54980000, 0x54a78d20, 0x57410000)
  from space 5440K,   0% used [0x57410000, 0x57410000, 0x57960000)
  to   space 5440K,   0% used [0x57960000, 0x57960000, 0x57eb0000)
 tenured generation   total 108832K, used 53995K [0x69ed0000, 0x70918000, 0x94980000)
   the space 108832K,  49% used [0x69ed0000, 0x6d38ae40, 0x6d38b000, 0x70918000)
 compacting perm gen  total 82432K, used 82306K [0x94980000, 0x99a00000, 0xb4980000)
   the space 82432K,  99% used [0x94980000, 0x999e0848, 0x999e0a00, 0x99a00000)
No shared spaces configured.
Event: 1002.123 GC heap after
Heap after GC invocations=50 (full 31):
 def new generation   total 49024K, used 0K [0x54980000, 0x57eb0000, 0x69ed0000)
  eden space 43584K,   0% used [0x54980000, 0x54980000, 0x57410000)
  from space 5440K,   0% used [0x57410000, 0x57410000, 0x57960000)
  to   space 5440K,   0% used [0x57960000, 0x57960000, 0x57eb0000)
 tenured generation   total 108832K, used 53319K [0x69ed0000, 0x70918000, 0x94980000)
   the space 108832K,  48% used [0x69ed0000, 0x6d2e1e48, 0x6d2e2000, 0x70918000)
 compacting perm gen  total 82432K, used 82306K [0x94980000, 0x99a00000, 0xb4980000)
   the space 82432K,  99% used [0x94980000, 0x999e0848, 0x999e0a00, 0x99a00000)
No shared spaces configured.
}
Event: 1062.126 GC heap before
{Heap before GC invocations=50 (full 31):
 def new generation   total 49024K, used 805K [0x54980000, 0x57eb0000, 0x69ed0000)
  eden space 43584K,   1% used [0x54980000, 0x54a496e0, 0x57410000)
  from space 5440K,   0% used [0x57410000, 0x57410000, 0x57960000)
  to   space 5440K,   0% used [0x57960000, 0x57960000, 0x57eb0000)
 tenured generation   total 108832K, used 53319K [0x69ed0000, 0x70918000, 0x94980000)
   the space 108832K,  48% used [0x69ed0000, 0x6d2e1e48, 0x6d2e2000, 0x70918000)
 compacting perm gen  total 82432K, used 82306K [0x94980000, 0x99a00000, 0xb4980000)
   the space 82432K,  99% used [0x94980000, 0x999e0848, 0x999e0a00, 0x99a00000)
No shared spaces configured.
Event: 1062.413 GC heap after
Heap after GC invocations=51 (full 32):
 def new generation   total 49024K, used 0K [0x54980000, 0x57eb0000, 0x69ed0000)
  eden space 43584K,   0% used [0x54980000, 0x54980000, 0x57410000)
  from space 5440K,   0% used [0x57410000, 0x57410000, 0x57960000)
  to   space 5440K,   0% used [0x57960000, 0x57960000, 0x57eb0000)
 tenured generation   total 108832K, used 47847K [0x69ed0000, 0x70918000, 0x94980000)
   the space 108832K,  43% used [0x69ed0000, 0x6cd89e78, 0x6cd8a000, 0x70918000)
 compacting perm gen  total 82432K, used 82300K [0x94980000, 0x99a00000, 0xb4980000)
   the space 82432K,  99% used [0x94980000, 0x999df270, 0x999df400, 0x99a00000)
No shared spaces configured.
}
Event: 1123.982 GC heap before
{Heap before GC invocations=51 (full 32):
 def new generation   total 49024K, used 16962K [0x54980000, 0x57eb0000, 0x69ed0000)
  eden space 43584K,  38% used [0x54980000, 0x55a10a60, 0x57410000)
  from space 5440K,   0% used [0x57410000, 0x57410000, 0x57960000)
  to   space 5440K,   0% used [0x57960000, 0x57960000, 0x57eb0000)
 tenured generation   total 108832K, used 47847K [0x69ed0000, 0x70918000, 0x94980000)
   the space 108832K,  43% used [0x69ed0000, 0x6cd89e78, 0x6cd8a000, 0x70918000)
 compacting perm gen  total 83200K, used 83168K [0x94980000, 0x99ac0000, 0xb4980000)
   the space 83200K,  99% used [0x94980000, 0x99ab81c0, 0x99ab8200, 0x99ac0000)
No shared spaces configured.
Event: 1124.229 GC heap after
Heap after GC invocations=52 (full 33):
 def new generation   total 49024K, used 0K [0x54980000, 0x57eb0000, 0x69ed0000)
  eden space 43584K,   0% used [0x54980000, 0x54980000, 0x57410000)
  from space 5440K,   0% used [0x57410000, 0x57410000, 0x57960000)
  to   space 5440K,   0% used [0x57960000, 0x57960000, 0x57eb0000)
 tenured generation   total 108832K, used 51255K [0x69ed0000, 0x70918000, 0x94980000)
   the space 108832K,  47% used [0x69ed0000, 0x6d0ddca0, 0x6d0dde00, 0x70918000)
 compacting perm gen  total 83200K, used 83168K [0x94980000, 0x99ac0000, 0xb4980000)
   the space 83200K,  99% used [0x94980000, 0x99ab81c0, 0x99ab8200, 0x99ac0000)
No shared spaces configured.
}

