# JRE version: 7.0_07-b10
# Java VM: Java HotSpot(TM) Client VM (23.3-b01 mixed mode linux-x86 )
Heap
 def new generation   total 41728K, used 20098K [0x54980000, 0x576c0000, 0x69ed0000)
  eden space 37120K,  54% used [0x54980000, 0x55d20858, 0x56dc0000)
  from space 4608K,   0% used [0x57240000, 0x57240000, 0x576c0000)
  to   space 4608K,   0% used [0x56dc0000, 0x56dc0000, 0x57240000)
 tenured generation   total 92500K, used 44128K [0x69ed0000, 0x6f925000, 0x94980000)
   the space 92500K,  47% used [0x69ed0000, 0x6c9e80f8, 0x6c9e8200, 0x6f925000)
 compacting perm gen  total 64256K, used 64245K [0x94980000, 0x98840000, 0xb4980000)
   the space 64256K,  99% used [0x94980000, 0x9883d568, 0x9883d600, 0x98840000)
GC Heap History (10 events):
Event: 1629.707 GC heap before
{Heap before GC invocations=31 (full 14):
 def new generation   total 41728K, used 12229K [0x54980000, 0x576c0000, 0x69ed0000)
  eden space 37120K,  20% used [0x54980000, 0x550f1628, 0x56dc0000)
  from space 4608K, 100% used [0x56dc0000, 0x57240000, 0x57240000)
  to   space 4608K,   0% used [0x57240000, 0x57240000, 0x576c0000)
 tenured generation   total 92500K, used 45845K [0x69ed0000, 0x6f925000, 0x94980000)
   the space 92500K,  49% used [0x69ed0000, 0x6cb957d8, 0x6cb95800, 0x6f925000)
 compacting perm gen  total 62208K, used 62149K [0x94980000, 0x98640000, 0xb4980000)
   the space 62208K,  99% used [0x94980000, 0x98631448, 0x98631600, 0x98640000)
No shared spaces configured.
Event: 1629.916 GC heap after
Heap after GC invocations=32 (full 15):
 def new generation   total 41728K, used 0K [0x54980000, 0x576c0000, 0x69ed0000)
  eden space 37120K,   0% used [0x54980000, 0x54980000, 0x56dc0000)
  from space 4608K,   0% used [0x56dc0000, 0x56dc0000, 0x57240000)
  to   space 4608K,   0% used [0x57240000, 0x57240000, 0x576c0000)
 tenured generation   total 92500K, used 43309K [0x69ed0000, 0x6f925000, 0x94980000)
   the space 92500K,  46% used [0x69ed0000, 0x6c91b4d8, 0x6c91b600, 0x6f925000)
 compacting perm gen  total 62208K, used 62149K [0x94980000, 0x98640000, 0xb4980000)
   the space 62208K,  99% used [0x94980000, 0x98631448, 0x98631600, 0x98640000)
No shared spaces configured.
}
Event: 1689.708 GC heap before
{Heap before GC invocations=32 (full 15):
 def new generation   total 41728K, used 1491K [0x54980000, 0x576c0000, 0x69ed0000)
  eden space 37120K,   4% used [0x54980000, 0x54af4d90, 0x56dc0000)
  from space 4608K,   0% used [0x56dc0000, 0x56dc0000, 0x57240000)
  to   space 4608K,   0% used [0x57240000, 0x57240000, 0x576c0000)
 tenured generation   total 92500K, used 43309K [0x69ed0000, 0x6f925000, 0x94980000)
   the space 92500K,  46% used [0x69ed0000, 0x6c91b4d8, 0x6c91b600, 0x6f925000)
 compacting perm gen  total 62208K, used 62149K [0x94980000, 0x98640000, 0xb4980000)
   the space 62208K,  99% used [0x94980000, 0x98631458, 0x98631600, 0x98640000)
No shared spaces configured.
Event: 1689.936 GC heap after
Heap after GC invocations=33 (full 16):
 def new generation   total 41728K, used 0K [0x54980000, 0x576c0000, 0x69ed0000)
  eden space 37120K,   0% used [0x54980000, 0x54980000, 0x56dc0000)
  from space 4608K,   0% used [0x56dc0000, 0x56dc0000, 0x57240000)
  to   space 4608K,   0% used [0x57240000, 0x57240000, 0x576c0000)
 tenured generation   total 92500K, used 38014K [0x69ed0000, 0x6f925000, 0x94980000)
   the space 92500K,  41% used [0x69ed0000, 0x6c3efaf0, 0x6c3efc00, 0x6f925000)
 compacting perm gen  total 62208K, used 62122K [0x94980000, 0x98640000, 0xb4980000)
   the space 62208K,  99% used [0x94980000, 0x9862a878, 0x9862aa00, 0x98640000)
No shared spaces configured.
}
Event: 1738.494 GC heap before
{Heap before GC invocations=33 (full 16):
 def new generation   total 41728K, used 37120K [0x54980000, 0x576c0000, 0x69ed0000)
  eden space 37120K, 100% used [0x54980000, 0x56dc0000, 0x56dc0000)
  from space 4608K,   0% used [0x56dc0000, 0x56dc0000, 0x57240000)
  to   space 4608K,   0% used [0x57240000, 0x57240000, 0x576c0000)
 tenured generation   total 92500K, used 38014K [0x69ed0000, 0x6f925000, 0x94980000)
   the space 92500K,  41% used [0x69ed0000, 0x6c3efaf0, 0x6c3efc00, 0x6f925000)
 compacting perm gen  total 64256K, used 64089K [0x94980000, 0x98840000, 0xb4980000)
   the space 64256K,  99% used [0x94980000, 0x98816690, 0x98816800, 0x98840000)
No shared spaces configured.
Event: 1738.528 GC heap after
Heap after GC invocations=34 (full 16):
 def new generation   total 41728K, used 4608K [0x54980000, 0x576c0000, 0x69ed0000)
  eden space 37120K,   0% used [0x54980000, 0x54980000, 0x56dc0000)
  from space 4608K, 100% used [0x57240000, 0x576c0000, 0x576c0000)
  to   space 4608K,   0% used [0x56dc0000, 0x56dc0000, 0x57240000)
 tenured generation   total 92500K, used 39957K [0x69ed0000, 0x6f925000, 0x94980000)
   the space 92500K,  43% used [0x69ed0000, 0x6c5d55f8, 0x6c5d5600, 0x6f925000)
 compacting perm gen  total 64256K, used 64089K [0x94980000, 0x98840000, 0xb4980000)
   the space 64256K,  99% used [0x94980000, 0x98816690, 0x98816800, 0x98840000)
No shared spaces configured.
}
Event: 1749.711 GC heap before
{Heap before GC invocations=34 (full 16):
 def new generation   total 41728K, used 14908K [0x54980000, 0x576c0000, 0x69ed0000)
  eden space 37120K,  27% used [0x54980000, 0x5538f368, 0x56dc0000)
  from space 4608K, 100% used [0x57240000, 0x576c0000, 0x576c0000)
  to   space 4608K,   0% used [0x56dc0000, 0x56dc0000, 0x57240000)
 tenured generation   total 92500K, used 39957K [0x69ed0000, 0x6f925000, 0x94980000)
   the space 92500K,  43% used [0x69ed0000, 0x6c5d55f8, 0x6c5d5600, 0x6f925000)
 compacting perm gen  total 64256K, used 64235K [0x94980000, 0x98840000, 0xb4980000)
   the space 64256K,  99% used [0x94980000, 0x9883ac40, 0x9883ae00, 0x98840000)
No shared spaces configured.
Event: 1749.943 GC heap after
Heap after GC invocations=35 (full 17):
 def new generation   total 41728K, used 0K [0x54980000, 0x576c0000, 0x69ed0000)
  eden space 37120K,   0% used [0x54980000, 0x54980000, 0x56dc0000)
  from space 4608K,   0% used [0x57240000, 0x57240000, 0x576c0000)
  to   space 4608K,   0% used [0x56dc0000, 0x56dc0000, 0x57240000)
 tenured generation   total 92500K, used 44123K [0x69ed0000, 0x6f925000, 0x94980000)
   the space 92500K,  47% used [0x69ed0000, 0x6c9e6ca0, 0x6c9e6e00, 0x6f925000)
 compacting perm gen  total 64256K, used 64235K [0x94980000, 0x98840000, 0xb4980000)
   the space 64256K,  99% used [0x94980000, 0x9883ac40, 0x9883ae00, 0x98840000)
No shared spaces configured.
}
Event: 1809.946 GC heap before
{Heap before GC invocations=35 (full 17):
 def new generation   total 41728K, used 1291K [0x54980000, 0x576c0000, 0x69ed0000)
  eden space 37120K,   3% used [0x54980000, 0x54ac2cd8, 0x56dc0000)
  from space 4608K,   0% used [0x57240000, 0x57240000, 0x576c0000)
  to   space 4608K,   0% used [0x56dc0000, 0x56dc0000, 0x57240000)
 tenured generation   total 92500K, used 44123K [0x69ed0000, 0x6f925000, 0x94980000)
   the space 92500K,  47% used [0x69ed0000, 0x6c9e6ca0, 0x6c9e6e00, 0x6f925000)
 compacting perm gen  total 64256K, used 64236K [0x94980000, 0x98840000, 0xb4980000)
   the space 64256K,  99% used [0x94980000, 0x9883b370, 0x9883b400, 0x98840000)
No shared spaces configured.
Event: 1810.149 GC heap after
Heap after GC invocations=36 (full 18):
 def new generation   total 41728K, used 0K [0x54980000, 0x576c0000, 0x69ed0000)
  eden space 37120K,   0% used [0x54980000, 0x54980000, 0x56dc0000)
  from space 4608K,   0% used [0x57240000, 0x57240000, 0x576c0000)
  to   space 4608K,   0% used [0x56dc0000, 0x56dc0000, 0x57240000)
 tenured generation   total 92500K, used 44128K [0x69ed0000, 0x6f925000, 0x94980000)
   the space 92500K,  47% used [0x69ed0000, 0x6c9e80f8, 0x6c9e8200, 0x6f925000)
 compacting perm gen  total 64256K, used 64236K [0x94980000, 0x98840000, 0xb4980000)
   the space 64256K,  99% used [0x94980000, 0x9883b370, 0x9883b400, 0x98840000)
No shared spaces configured.
}

